2024-10-09 06:18:45 Loading main app package /usr/lib/obsidian/obsidian.asar
2024-10-09 06:18:46 Checking for update using Github
2024-10-09 06:18:54 Success.
2024-10-09 06:18:54 Latest version is 1.6.7
2024-10-09 06:18:54 App is up to date.
2024-10-09 07:18:45 Checking for update using Github
2024-10-09 07:18:45 Success.
2024-10-09 07:18:45 Latest version is 1.6.7
2024-10-09 07:18:45 App is up to date.
2024-10-09 08:18:45 Checking for update using Github
2024-10-09 08:18:45 Success.
2024-10-09 08:18:45 Latest version is 1.6.7
2024-10-09 08:18:45 App is up to date.
2024-10-10 16:26:33 Loading main app package /usr/lib/obsidian/obsidian.asar
2024-10-10 16:26:34 Checking for update using Github
2024-10-10 16:26:36 Success.
2024-10-10 16:26:36 Latest version is 1.6.7
2024-10-10 16:26:36 App is up to date.
2024-10-17 16:53:41 Loading main app package /usr/lib/obsidian/obsidian.asar
2024-10-17 16:53:42 Checking for update using Github
2024-10-17 16:53:42 Success.
2024-10-17 16:53:42 Latest version is 1.7.4
2024-10-17 16:53:42 Downloading update from https://github.com/obsidianmd/obsidian-releases/releases/download/v1.7.4/obsidian-1.7.4.asar.gz
2024-10-17 16:53:45 Verifying hash & signature. Size= 8056043
2024-10-17 16:53:45 Saving file
2024-10-17 16:53:46 Update complete.
2024-10-17 17:53:41 Checking for update using Github
2024-10-17 17:53:41 Success.
2024-10-17 17:53:41 Latest version is 1.7.4
2024-10-17 17:53:41 An update is already downloaded.
2024-10-17 18:53:41 Checking for update using Github
2024-10-17 18:53:41 Success.
2024-10-17 18:53:41 Latest version is 1.7.4
2024-10-17 18:53:41 An update is already downloaded.
2024-10-19 10:18:41 Loading updated app package /home/mjonyh/.config/obsidian/obsidian-1.7.4.asar
2024-10-19 10:18:43 Checking for update using Github
2024-10-19 10:18:44 Success.
2024-10-19 10:18:44 Latest version is 1.7.4
2024-10-19 10:18:44 App is up to date.
